This is pdfTeX, Version 3.141592653-2.6-1.40.26 (TeX Live 2024) (preloaded format=pdflatex 2024.8.19)  19 AUG 2024 15:59
entering extended mode
 restricted \write18 enabled.
 %&-line parsing enabled.
**_main.tex
(./_main.tex
LaTeX2e <2024-06-01> patch level 2
L3 programming layer <2024-07-20>
(/Users/carlosvasquezguerra/Library/TinyTeX/texmf-dist/tex/latex/base/book.cls
Document Class: book 2024/02/08 v1.4n Standard LaTeX document class
(/Users/carlosvasquezguerra/Library/TinyTeX/texmf-dist/tex/latex/base/bk10.clo
File: bk10.clo 2024/02/08 v1.4n Standard LaTeX file (size option)
)
\c@part=\count194
\c@chapter=\count195
\c@section=\count196
\c@subsection=\count197
\c@subsubsection=\count198
\c@paragraph=\count199
\c@subparagraph=\count266
\c@figure=\count267
\c@table=\count268
\abovecaptionskip=\skip49
\belowcaptionskip=\skip50
\bibindent=\dimen141
) (/Users/carlosvasquezguerra/Library/TinyTeX/texmf-dist/tex/latex/amsmath/amsmath.sty
Package: amsmath 2024/05/23 v2.17q AMS math features
\@mathmargin=\skip51
For additional information on amsmath, use the `?' option.
(/Users/carlosvasquezguerra/Library/TinyTeX/texmf-dist/tex/latex/amsmath/amstext.sty
Package: amstext 2021/08/26 v2.01 AMS text
(/Users/carlosvasquezguerra/Library/TinyTeX/texmf-dist/tex/latex/amsmath/amsgen.sty
File: amsgen.sty 1999/11/30 v2.0 generic functions
\@emptytoks=\toks17
\ex@=\dimen142
)) (/Users/carlosvasquezguerra/Library/TinyTeX/texmf-dist/tex/latex/amsmath/amsbsy.sty
Package: amsbsy 1999/11/29 v1.2d Bold Symbols
\pmbraise@=\dimen143
) (/Users/carlosvasquezguerra/Library/TinyTeX/texmf-dist/tex/latex/amsmath/amsopn.sty
Package: amsopn 2022/04/08 v2.04 operator names
)
\inf@bad=\count269
LaTeX Info: Redefining \frac on input line 233.
\uproot@=\count270
\leftroot@=\count271
LaTeX Info: Redefining \overline on input line 398.
LaTeX Info: Redefining \colon on input line 409.
\classnum@=\count272
\DOTSCASE@=\count273
LaTeX Info: Redefining \ldots on input line 495.
LaTeX Info: Redefining \dots on input line 498.
LaTeX Info: Redefining \cdots on input line 619.
\Mathstrutbox@=\box52
\strutbox@=\box53
LaTeX Info: Redefining \big on input line 721.
LaTeX Info: Redefining \Big on input line 722.
LaTeX Info: Redefining \bigg on input line 723.
LaTeX Info: Redefining \Bigg on input line 724.
\big@size=\dimen144
LaTeX Font Info:    Redeclaring font encoding OML on input line 742.
LaTeX Font Info:    Redeclaring font encoding OMS on input line 743.
\macc@depth=\count274
LaTeX Info: Redefining \bmod on input line 904.
LaTeX Info: Redefining \pmod on input line 909.
LaTeX Info: Redefining \smash on input line 939.
LaTeX Info: Redefining \relbar on input line 969.
LaTeX Info: Redefining \Relbar on input line 970.
\c@MaxMatrixCols=\count275
\dotsspace@=\muskip17
\c@parentequation=\count276
\dspbrk@lvl=\count277
\tag@help=\toks18
\row@=\count278
\column@=\count279
\maxfields@=\count280
\andhelp@=\toks19
\eqnshift@=\dimen145
\alignsep@=\dimen146
\tagshift@=\dimen147
\tagwidth@=\dimen148
\totwidth@=\dimen149
\lineht@=\dimen150
\@envbody=\toks20
\multlinegap=\skip52
\multlinetaggap=\skip53
\mathdisplay@stack=\toks21
LaTeX Info: Redefining \[ on input line 2953.
LaTeX Info: Redefining \] on input line 2954.
) (/Users/carlosvasquezguerra/Library/TinyTeX/texmf-dist/tex/latex/amsfonts/amssymb.sty
Package: amssymb 2013/01/14 v3.01 AMS font symbols
(/Users/carlosvasquezguerra/Library/TinyTeX/texmf-dist/tex/latex/amsfonts/amsfonts.sty
Package: amsfonts 2013/01/14 v3.01 Basic AMSFonts support
\symAMSa=\mathgroup4
\symAMSb=\mathgroup5
LaTeX Font Info:    Redeclaring math symbol \hbar on input line 98.
LaTeX Font Info:    Overwriting math alphabet `\mathfrak' in version `bold'
(Font)                  U/euf/m/n --> U/euf/b/n on input line 106.
)) (/Users/carlosvasquezguerra/Library/TinyTeX/texmf-dist/tex/generic/iftex/iftex.sty
Package: iftex 2022/02/03 v1.0f TeX engine tests
) (/Users/carlosvasquezguerra/Library/TinyTeX/texmf-dist/tex/latex/base/fontenc.sty
Package: fontenc 2021/04/29 v2.0v Standard LaTeX package
) (/Users/carlosvasquezguerra/Library/TinyTeX/texmf-dist/tex/latex/base/inputenc.sty
Package: inputenc 2024/02/08 v1.3d Input encoding file
\inpenc@prehook=\toks22
\inpenc@posthook=\toks23
) (/Users/carlosvasquezguerra/Library/TinyTeX/texmf-dist/tex/latex/base/textcomp.sty
Package: textcomp 2024/04/24 v2.1b Standard LaTeX package
) (/Users/carlosvasquezguerra/Library/TinyTeX/texmf-dist/tex/latex/lm/lmodern.sty
Package: lmodern 2015/05/01 v1.6.1 Latin Modern Fonts
LaTeX Font Info:    Overwriting symbol font `operators' in version `normal'
(Font)                  OT1/cmr/m/n --> OT1/lmr/m/n on input line 22.
LaTeX Font Info:    Overwriting symbol font `letters' in version `normal'
(Font)                  OML/cmm/m/it --> OML/lmm/m/it on input line 23.
LaTeX Font Info:    Overwriting symbol font `symbols' in version `normal'
(Font)                  OMS/cmsy/m/n --> OMS/lmsy/m/n on input line 24.
LaTeX Font Info:    Overwriting symbol font `largesymbols' in version `normal'
(Font)                  OMX/cmex/m/n --> OMX/lmex/m/n on input line 25.
LaTeX Font Info:    Overwriting symbol font `operators' in version `bold'
(Font)                  OT1/cmr/bx/n --> OT1/lmr/bx/n on input line 26.
LaTeX Font Info:    Overwriting symbol font `letters' in version `bold'
(Font)                  OML/cmm/b/it --> OML/lmm/b/it on input line 27.
LaTeX Font Info:    Overwriting symbol font `symbols' in version `bold'
(Font)                  OMS/cmsy/b/n --> OMS/lmsy/b/n on input line 28.
LaTeX Font Info:    Overwriting symbol font `largesymbols' in version `bold'
(Font)                  OMX/cmex/m/n --> OMX/lmex/m/n on input line 29.
LaTeX Font Info:    Overwriting math alphabet `\mathbf' in version `normal'
(Font)                  OT1/cmr/bx/n --> OT1/lmr/bx/n on input line 31.
LaTeX Font Info:    Overwriting math alphabet `\mathsf' in version `normal'
(Font)                  OT1/cmss/m/n --> OT1/lmss/m/n on input line 32.
LaTeX Font Info:    Overwriting math alphabet `\mathit' in version `normal'
(Font)                  OT1/cmr/m/it --> OT1/lmr/m/it on input line 33.
LaTeX Font Info:    Overwriting math alphabet `\mathtt' in version `normal'
(Font)                  OT1/cmtt/m/n --> OT1/lmtt/m/n on input line 34.
LaTeX Font Info:    Overwriting math alphabet `\mathbf' in version `bold'
(Font)                  OT1/cmr/bx/n --> OT1/lmr/bx/n on input line 35.
LaTeX Font Info:    Overwriting math alphabet `\mathsf' in version `bold'
(Font)                  OT1/cmss/bx/n --> OT1/lmss/bx/n on input line 36.
LaTeX Font Info:    Overwriting math alphabet `\mathit' in version `bold'
(Font)                  OT1/cmr/bx/it --> OT1/lmr/bx/it on input line 37.
LaTeX Font Info:    Overwriting math alphabet `\mathtt' in version `bold'
(Font)                  OT1/cmtt/m/n --> OT1/lmtt/m/n on input line 38.
) (/Users/carlosvasquezguerra/Library/TinyTeX/texmf-dist/tex/latex/xcolor/xcolor.sty
Package: xcolor 2023/11/15 v3.01 LaTeX color extensions (UK)
(/Users/carlosvasquezguerra/Library/TinyTeX/texmf-dist/tex/latex/graphics-cfg/color.cfg
File: color.cfg 2016/01/02 v1.6 sample color configuration
)
Package xcolor Info: Driver file: pdftex.def on input line 274.
(/Users/carlosvasquezguerra/Library/TinyTeX/texmf-dist/tex/latex/graphics-def/pdftex.def
File: pdftex.def 2024/04/13 v1.2c Graphics/color driver for pdftex
) (/Users/carlosvasquezguerra/Library/TinyTeX/texmf-dist/tex/latex/graphics/mathcolor.ltx)
Package xcolor Info: Model `cmy' substituted by `cmy0' on input line 1350.
Package xcolor Info: Model `hsb' substituted by `rgb' on input line 1354.
Package xcolor Info: Model `RGB' extended on input line 1366.
Package xcolor Info: Model `HTML' substituted by `rgb' on input line 1368.
Package xcolor Info: Model `Hsb' substituted by `hsb' on input line 1369.
Package xcolor Info: Model `tHsb' substituted by `hsb' on input line 1370.
Package xcolor Info: Model `HSB' substituted by `hsb' on input line 1371.
Package xcolor Info: Model `Gray' substituted by `gray' on input line 1372.
Package xcolor Info: Model `wave' substituted by `hsb' on input line 1373.
) (/Users/carlosvasquezguerra/Library/TinyTeX/texmf-dist/tex/latex/geometry/geometry.sty
Package: geometry 2020/01/02 v5.9 Page Geometry
(/Users/carlosvasquezguerra/Library/TinyTeX/texmf-dist/tex/latex/graphics/keyval.sty
Package: keyval 2022/05/29 v1.15 key=value parser (DPC)
\KV@toks@=\toks24
) (/Users/carlosvasquezguerra/Library/TinyTeX/texmf-dist/tex/generic/iftex/ifvtex.sty
Package: ifvtex 2019/10/25 v1.7 ifvtex legacy package. Use iftex instead.
)
\Gm@cnth=\count281
\Gm@cntv=\count282
\c@Gm@tempcnt=\count283
\Gm@bindingoffset=\dimen151
\Gm@wd@mp=\dimen152
\Gm@odd@mp=\dimen153
\Gm@even@mp=\dimen154
\Gm@layoutwidth=\dimen155
\Gm@layoutheight=\dimen156
\Gm@layouthoffset=\dimen157
\Gm@layoutvoffset=\dimen158
\Gm@dimlist=\toks25
) (/Users/carlosvasquezguerra/Library/TinyTeX/texmf-dist/tex/latex/fancyvrb/fancyvrb.sty
Package: fancyvrb 2024/01/20 4.5c verbatim text (tvz,hv)
\FV@CodeLineNo=\count284
\FV@InFile=\read2
\FV@TabBox=\box54
\c@FancyVerbLine=\count285
\FV@StepNumber=\count286
\FV@OutFile=\write3
) (/Users/carlosvasquezguerra/Library/TinyTeX/texmf-dist/tex/latex/framed/framed.sty
Package: framed 2011/10/22 v 0.96: framed or shaded text with page breaks
\OuterFrameSep=\skip54
\fb@frw=\dimen159
\fb@frh=\dimen160
\FrameRule=\dimen161
\FrameSep=\dimen162
) (/Users/carlosvasquezguerra/Library/TinyTeX/texmf-dist/tex/latex/tools/longtable.sty
Package: longtable 2024-04-26 v4.20 Multi-page Table package (DPC)
\LTleft=\skip55
\LTright=\skip56
\LTpre=\skip57
\LTpost=\skip58
\LTchunksize=\count287
\LTcapwidth=\dimen163
\LT@head=\box55
\LT@firsthead=\box56
\LT@foot=\box57
\LT@lastfoot=\box58
\LT@gbox=\box59
\LT@cols=\count288
\LT@rows=\count289
\c@LT@tables=\count290
\c@LT@chunks=\count291
\LT@p@ftn=\toks26
) (/Users/carlosvasquezguerra/Library/TinyTeX/texmf-dist/tex/latex/booktabs/booktabs.sty
Package: booktabs 2020/01/12 v1.61803398 Publication quality tables
\heavyrulewidth=\dimen164
\lightrulewidth=\dimen165
\cmidrulewidth=\dimen166
\belowrulesep=\dimen167
\belowbottomsep=\dimen168
\aboverulesep=\dimen169
\abovetopsep=\dimen170
\cmidrulesep=\dimen171
\cmidrulekern=\dimen172
\defaultaddspace=\dimen173
\@cmidla=\count292
\@cmidlb=\count293
\@aboverulesep=\dimen174
\@belowrulesep=\dimen175
\@thisruleclass=\count294
\@lastruleclass=\count295
\@thisrulewidth=\dimen176
) (/Users/carlosvasquezguerra/Library/TinyTeX/texmf-dist/tex/latex/tools/array.sty
Package: array 2024/06/14 v2.6d Tabular extension package (FMi)
\col@sep=\dimen177
\ar@mcellbox=\box60
\extrarowheight=\dimen178
\NC@list=\toks27
\extratabsurround=\skip59
\backup@length=\skip60
\ar@cellbox=\box61
) (/Users/carlosvasquezguerra/Library/TinyTeX/texmf-dist/tex/latex/tools/calc.sty
Package: calc 2023/07/08 v4.3 Infix arithmetic (KKT,FJ)
\calc@Acount=\count296
\calc@Bcount=\count297
\calc@Adimen=\dimen179
\calc@Bdimen=\dimen180
\calc@Askip=\skip61
\calc@Bskip=\skip62
LaTeX Info: Redefining \setlength on input line 80.
LaTeX Info: Redefining \addtolength on input line 81.
\calc@Ccount=\count298
\calc@Cskip=\skip63
) (/Users/carlosvasquezguerra/Library/TinyTeX/texmf-dist/tex/latex/etoolbox/etoolbox.sty
Package: etoolbox 2020/10/05 v2.5k e-TeX tools for LaTeX (JAW)
\etb@tempcnta=\count299
) (/Users/carlosvasquezguerra/Library/TinyTeX/texmf-dist/tex/latex/mdwtools/footnote.sty
Package: footnote 1997/01/28 1.13 Save footnotes around boxes
\fn@notes=\box62
\fn@width=\dimen181
) (/Users/carlosvasquezguerra/Library/TinyTeX/texmf-dist/tex/latex/graphics/graphicx.sty
Package: graphicx 2021/09/16 v1.2d Enhanced LaTeX Graphics (DPC,SPQR)
(/Users/carlosvasquezguerra/Library/TinyTeX/texmf-dist/tex/latex/graphics/graphics.sty
Package: graphics 2024/05/23 v1.4g Standard LaTeX Graphics (DPC,SPQR)
(/Users/carlosvasquezguerra/Library/TinyTeX/texmf-dist/tex/latex/graphics/trig.sty
Package: trig 2023/12/02 v1.11 sin cos tan (DPC)
) (/Users/carlosvasquezguerra/Library/TinyTeX/texmf-dist/tex/latex/graphics-cfg/graphics.cfg
File: graphics.cfg 2016/06/04 v1.11 sample graphics configuration
)
Package graphics Info: Driver file: pdftex.def on input line 106.
)
\Gin@req@height=\dimen182
\Gin@req@width=\dimen183
) (/Users/carlosvasquezguerra/Library/TinyTeX/texmf-dist/tex/latex/base/fontenc.sty
Package: fontenc 2021/04/29 v2.0v Standard LaTeX package
LaTeX Font Info:    Trying to load font information for T1+lmr on input line 116.
(/Users/carlosvasquezguerra/Library/TinyTeX/texmf-dist/tex/latex/lm/t1lmr.fd
File: t1lmr.fd 2015/05/01 v1.6.1 Font defs for Latin Modern
)) (/Users/carlosvasquezguerra/Library/TinyTeX/texmf-dist/tex/latex/pgf/frontendlayer/tikz.sty (/Users/carlosvasquezguerra/Library/TinyTeX/texmf-dist/tex/latex/pgf/basiclayer/pgf.sty (/Users/carlosvasquezguerra/Library/TinyTeX/texmf-dist/tex/latex/pgf/utilities/pgfrcs.sty (/Users/carlosvasquezguerra/Library/TinyTeX/texmf-dist/tex/generic/pgf/utilities/pgfutil-common.tex
\pgfutil@everybye=\toks28
\pgfutil@tempdima=\dimen184
\pgfutil@tempdimb=\dimen185
) (/Users/carlosvasquezguerra/Library/TinyTeX/texmf-dist/tex/generic/pgf/utilities/pgfutil-latex.def
\pgfutil@abb=\box63
) (/Users/carlosvasquezguerra/Library/TinyTeX/texmf-dist/tex/generic/pgf/utilities/pgfrcs.code.tex (/Users/carlosvasquezguerra/Library/TinyTeX/texmf-dist/tex/generic/pgf/pgf.revision.tex)
Package: pgfrcs 2023-01-15 v3.1.10 (3.1.10)
))
Package: pgf 2023-01-15 v3.1.10 (3.1.10)
(/Users/carlosvasquezguerra/Library/TinyTeX/texmf-dist/tex/latex/pgf/basiclayer/pgfcore.sty (/Users/carlosvasquezguerra/Library/TinyTeX/texmf-dist/tex/latex/pgf/systemlayer/pgfsys.sty (/Users/carlosvasquezguerra/Library/TinyTeX/texmf-dist/tex/generic/pgf/systemlayer/pgfsys.code.tex
Package: pgfsys 2023-01-15 v3.1.10 (3.1.10)
(/Users/carlosvasquezguerra/Library/TinyTeX/texmf-dist/tex/generic/pgf/utilities/pgfkeys.code.tex
\pgfkeys@pathtoks=\toks29
\pgfkeys@temptoks=\toks30
(/Users/carlosvasquezguerra/Library/TinyTeX/texmf-dist/tex/generic/pgf/utilities/pgfkeyslibraryfiltered.code.tex
\pgfkeys@tmptoks=\toks31
))
\pgf@x=\dimen186
\pgf@y=\dimen187
\pgf@xa=\dimen188
\pgf@ya=\dimen189
\pgf@xb=\dimen190
\pgf@yb=\dimen191
\pgf@xc=\dimen192
\pgf@yc=\dimen193
\pgf@xd=\dimen194
\pgf@yd=\dimen195
\w@pgf@writea=\write4
\r@pgf@reada=\read3
\c@pgf@counta=\count300
\c@pgf@countb=\count301
\c@pgf@countc=\count302
\c@pgf@countd=\count303
\t@pgf@toka=\toks32
\t@pgf@tokb=\toks33
\t@pgf@tokc=\toks34
\pgf@sys@id@count=\count304
(/Users/carlosvasquezguerra/Library/TinyTeX/texmf-dist/tex/generic/pgf/systemlayer/pgf.cfg
File: pgf.cfg 2023-01-15 v3.1.10 (3.1.10)
)
Driver file for pgf: pgfsys-pdftex.def
(/Users/carlosvasquezguerra/Library/TinyTeX/texmf-dist/tex/generic/pgf/systemlayer/pgfsys-pdftex.def
File: pgfsys-pdftex.def 2023-01-15 v3.1.10 (3.1.10)
(/Users/carlosvasquezguerra/Library/TinyTeX/texmf-dist/tex/generic/pgf/systemlayer/pgfsys-common-pdf.def
File: pgfsys-common-pdf.def 2023-01-15 v3.1.10 (3.1.10)
))) (/Users/carlosvasquezguerra/Library/TinyTeX/texmf-dist/tex/generic/pgf/systemlayer/pgfsyssoftpath.code.tex
File: pgfsyssoftpath.code.tex 2023-01-15 v3.1.10 (3.1.10)
\pgfsyssoftpath@smallbuffer@items=\count305
\pgfsyssoftpath@bigbuffer@items=\count306
) (/Users/carlosvasquezguerra/Library/TinyTeX/texmf-dist/tex/generic/pgf/systemlayer/pgfsysprotocol.code.tex
File: pgfsysprotocol.code.tex 2023-01-15 v3.1.10 (3.1.10)
)) (/Users/carlosvasquezguerra/Library/TinyTeX/texmf-dist/tex/generic/pgf/basiclayer/pgfcore.code.tex
Package: pgfcore 2023-01-15 v3.1.10 (3.1.10)
(/Users/carlosvasquezguerra/Library/TinyTeX/texmf-dist/tex/generic/pgf/math/pgfmath.code.tex (/Users/carlosvasquezguerra/Library/TinyTeX/texmf-dist/tex/generic/pgf/math/pgfmathutil.code.tex) (/Users/carlosvasquezguerra/Library/TinyTeX/texmf-dist/tex/generic/pgf/math/pgfmathparser.code.tex
\pgfmath@dimen=\dimen196
\pgfmath@count=\count307
\pgfmath@box=\box64
\pgfmath@toks=\toks35
\pgfmath@stack@operand=\toks36
\pgfmath@stack@operation=\toks37
) (/Users/carlosvasquezguerra/Library/TinyTeX/texmf-dist/tex/generic/pgf/math/pgfmathfunctions.code.tex) (/Users/carlosvasquezguerra/Library/TinyTeX/texmf-dist/tex/generic/pgf/math/pgfmathfunctions.basic.code.tex) (/Users/carlosvasquezguerra/Library/TinyTeX/texmf-dist/tex/generic/pgf/math/pgfmathfunctions.trigonometric.code.tex) (/Users/carlosvasquezguerra/Library/TinyTeX/texmf-dist/tex/generic/pgf/math/pgfmathfunctions.random.code.tex) (/Users/carlosvasquezguerra/Library/TinyTeX/texmf-dist/tex/generic/pgf/math/pgfmathfunctions.comparison.code.tex) (/Users/carlosvasquezguerra/Library/TinyTeX/texmf-dist/tex/generic/pgf/math/pgfmathfunctions.base.code.tex) (/Users/carlosvasquezguerra/Library/TinyTeX/texmf-dist/tex/generic/pgf/math/pgfmathfunctions.round.code.tex) (/Users/carlosvasquezguerra/Library/TinyTeX/texmf-dist/tex/generic/pgf/math/pgfmathfunctions.misc.code.tex) (/Users/carlosvasquezguerra/Library/TinyTeX/texmf-dist/tex/generic/pgf/math/pgfmathfunctions.integerarithmetics.code.tex) (/Users/carlosvasquezguerra/Library/TinyTeX/texmf-dist/tex/generic/pgf/math/pgfmathcalc.code.tex) (/Users/carlosvasquezguerra/Library/TinyTeX/texmf-dist/tex/generic/pgf/math/pgfmathfloat.code.tex
\c@pgfmathroundto@lastzeros=\count308
)) (/Users/carlosvasquezguerra/Library/TinyTeX/texmf-dist/tex/generic/pgf/math/pgfint.code.tex) (/Users/carlosvasquezguerra/Library/TinyTeX/texmf-dist/tex/generic/pgf/basiclayer/pgfcorepoints.code.tex
File: pgfcorepoints.code.tex 2023-01-15 v3.1.10 (3.1.10)
\pgf@picminx=\dimen197
\pgf@picmaxx=\dimen198
\pgf@picminy=\dimen199
\pgf@picmaxy=\dimen256
\pgf@pathminx=\dimen257
\pgf@pathmaxx=\dimen258
\pgf@pathminy=\dimen259
\pgf@pathmaxy=\dimen260
\pgf@xx=\dimen261
\pgf@xy=\dimen262
\pgf@yx=\dimen263
\pgf@yy=\dimen264
\pgf@zx=\dimen265
\pgf@zy=\dimen266
) (/Users/carlosvasquezguerra/Library/TinyTeX/texmf-dist/tex/generic/pgf/basiclayer/pgfcorepathconstruct.code.tex
File: pgfcorepathconstruct.code.tex 2023-01-15 v3.1.10 (3.1.10)
\pgf@path@lastx=\dimen267
\pgf@path@lasty=\dimen268
) (/Users/carlosvasquezguerra/Library/TinyTeX/texmf-dist/tex/generic/pgf/basiclayer/pgfcorepathusage.code.tex
File: pgfcorepathusage.code.tex 2023-01-15 v3.1.10 (3.1.10)
\pgf@shorten@end@additional=\dimen269
\pgf@shorten@start@additional=\dimen270
) (/Users/carlosvasquezguerra/Library/TinyTeX/texmf-dist/tex/generic/pgf/basiclayer/pgfcorescopes.code.tex
File: pgfcorescopes.code.tex 2023-01-15 v3.1.10 (3.1.10)
\pgfpic=\box65
\pgf@hbox=\box66
\pgf@layerbox@main=\box67
\pgf@picture@serial@count=\count309
) (/Users/carlosvasquezguerra/Library/TinyTeX/texmf-dist/tex/generic/pgf/basiclayer/pgfcoregraphicstate.code.tex
File: pgfcoregraphicstate.code.tex 2023-01-15 v3.1.10 (3.1.10)
\pgflinewidth=\dimen271
) (/Users/carlosvasquezguerra/Library/TinyTeX/texmf-dist/tex/generic/pgf/basiclayer/pgfcoretransformations.code.tex
File: pgfcoretransformations.code.tex 2023-01-15 v3.1.10 (3.1.10)
\pgf@pt@x=\dimen272
\pgf@pt@y=\dimen273
\pgf@pt@temp=\dimen274
) (/Users/carlosvasquezguerra/Library/TinyTeX/texmf-dist/tex/generic/pgf/basiclayer/pgfcorequick.code.tex
File: pgfcorequick.code.tex 2023-01-15 v3.1.10 (3.1.10)
) (/Users/carlosvasquezguerra/Library/TinyTeX/texmf-dist/tex/generic/pgf/basiclayer/pgfcoreobjects.code.tex
File: pgfcoreobjects.code.tex 2023-01-15 v3.1.10 (3.1.10)
) (/Users/carlosvasquezguerra/Library/TinyTeX/texmf-dist/tex/generic/pgf/basiclayer/pgfcorepathprocessing.code.tex
File: pgfcorepathprocessing.code.tex 2023-01-15 v3.1.10 (3.1.10)
) (/Users/carlosvasquezguerra/Library/TinyTeX/texmf-dist/tex/generic/pgf/basiclayer/pgfcorearrows.code.tex
File: pgfcorearrows.code.tex 2023-01-15 v3.1.10 (3.1.10)
\pgfarrowsep=\dimen275
) (/Users/carlosvasquezguerra/Library/TinyTeX/texmf-dist/tex/generic/pgf/basiclayer/pgfcoreshade.code.tex
File: pgfcoreshade.code.tex 2023-01-15 v3.1.10 (3.1.10)
\pgf@max=\dimen276
\pgf@sys@shading@range@num=\count310
\pgf@shadingcount=\count311
) (/Users/carlosvasquezguerra/Library/TinyTeX/texmf-dist/tex/generic/pgf/basiclayer/pgfcoreimage.code.tex
File: pgfcoreimage.code.tex 2023-01-15 v3.1.10 (3.1.10)
) (/Users/carlosvasquezguerra/Library/TinyTeX/texmf-dist/tex/generic/pgf/basiclayer/pgfcoreexternal.code.tex
File: pgfcoreexternal.code.tex 2023-01-15 v3.1.10 (3.1.10)
\pgfexternal@startupbox=\box68
) (/Users/carlosvasquezguerra/Library/TinyTeX/texmf-dist/tex/generic/pgf/basiclayer/pgfcorelayers.code.tex
File: pgfcorelayers.code.tex 2023-01-15 v3.1.10 (3.1.10)
) (/Users/carlosvasquezguerra/Library/TinyTeX/texmf-dist/tex/generic/pgf/basiclayer/pgfcoretransparency.code.tex
File: pgfcoretransparency.code.tex 2023-01-15 v3.1.10 (3.1.10)
) (/Users/carlosvasquezguerra/Library/TinyTeX/texmf-dist/tex/generic/pgf/basiclayer/pgfcorepatterns.code.tex
File: pgfcorepatterns.code.tex 2023-01-15 v3.1.10 (3.1.10)
) (/Users/carlosvasquezguerra/Library/TinyTeX/texmf-dist/tex/generic/pgf/basiclayer/pgfcorerdf.code.tex
File: pgfcorerdf.code.tex 2023-01-15 v3.1.10 (3.1.10)
))) (/Users/carlosvasquezguerra/Library/TinyTeX/texmf-dist/tex/generic/pgf/modules/pgfmoduleshapes.code.tex
File: pgfmoduleshapes.code.tex 2023-01-15 v3.1.10 (3.1.10)
\pgfnodeparttextbox=\box69
) (/Users/carlosvasquezguerra/Library/TinyTeX/texmf-dist/tex/generic/pgf/modules/pgfmoduleplot.code.tex
File: pgfmoduleplot.code.tex 2023-01-15 v3.1.10 (3.1.10)
) (/Users/carlosvasquezguerra/Library/TinyTeX/texmf-dist/tex/latex/pgf/compatibility/pgfcomp-version-0-65.sty
Package: pgfcomp-version-0-65 2023-01-15 v3.1.10 (3.1.10)
\pgf@nodesepstart=\dimen277
\pgf@nodesepend=\dimen278
) (/Users/carlosvasquezguerra/Library/TinyTeX/texmf-dist/tex/latex/pgf/compatibility/pgfcomp-version-1-18.sty
Package: pgfcomp-version-1-18 2023-01-15 v3.1.10 (3.1.10)
)) (/Users/carlosvasquezguerra/Library/TinyTeX/texmf-dist/tex/latex/pgf/utilities/pgffor.sty (/Users/carlosvasquezguerra/Library/TinyTeX/texmf-dist/tex/latex/pgf/utilities/pgfkeys.sty (/Users/carlosvasquezguerra/Library/TinyTeX/texmf-dist/tex/generic/pgf/utilities/pgfkeys.code.tex)) (/Users/carlosvasquezguerra/Library/TinyTeX/texmf-dist/tex/latex/pgf/math/pgfmath.sty (/Users/carlosvasquezguerra/Library/TinyTeX/texmf-dist/tex/generic/pgf/math/pgfmath.code.tex)) (/Users/carlosvasquezguerra/Library/TinyTeX/texmf-dist/tex/generic/pgf/utilities/pgffor.code.tex
Package: pgffor 2023-01-15 v3.1.10 (3.1.10)
\pgffor@iter=\dimen279
\pgffor@skip=\dimen280
\pgffor@stack=\toks38
\pgffor@toks=\toks39
)) (/Users/carlosvasquezguerra/Library/TinyTeX/texmf-dist/tex/generic/pgf/frontendlayer/tikz/tikz.code.tex
Package: tikz 2023-01-15 v3.1.10 (3.1.10)
(/Users/carlosvasquezguerra/Library/TinyTeX/texmf-dist/tex/generic/pgf/libraries/pgflibraryplothandlers.code.tex
File: pgflibraryplothandlers.code.tex 2023-01-15 v3.1.10 (3.1.10)
\pgf@plot@mark@count=\count312
\pgfplotmarksize=\dimen281
)
\tikz@lastx=\dimen282
\tikz@lasty=\dimen283
\tikz@lastxsaved=\dimen284
\tikz@lastysaved=\dimen285
\tikz@lastmovetox=\dimen286
\tikz@lastmovetoy=\dimen287
\tikzleveldistance=\dimen288
\tikzsiblingdistance=\dimen289
\tikz@figbox=\box70
\tikz@figbox@bg=\box71
\tikz@tempbox=\box72
\tikz@tempbox@bg=\box73
\tikztreelevel=\count313
\tikznumberofchildren=\count314
\tikznumberofcurrentchild=\count315
\tikz@fig@count=\count316
(/Users/carlosvasquezguerra/Library/TinyTeX/texmf-dist/tex/generic/pgf/modules/pgfmodulematrix.code.tex
File: pgfmodulematrix.code.tex 2023-01-15 v3.1.10 (3.1.10)
\pgfmatrixcurrentrow=\count317
\pgfmatrixcurrentcolumn=\count318
\pgf@matrix@numberofcolumns=\count319
)
\tikz@expandcount=\count320
(/Users/carlosvasquezguerra/Library/TinyTeX/texmf-dist/tex/generic/pgf/frontendlayer/tikz/libraries/tikzlibrarytopaths.code.tex
File: tikzlibrarytopaths.code.tex 2023-01-15 v3.1.10 (3.1.10)
))) (/Users/carlosvasquezguerra/Library/TinyTeX/texmf-dist/tex/latex/float/float.sty
Package: float 2001/11/08 v1.3d Float enhancements (AL)
\c@float@type=\count321
\float@exts=\toks40
\float@box=\box74
\@float@everytoks=\toks41
\@floatcapt=\box75
) (/Users/carlosvasquezguerra/Library/TinyTeX/texmf-dist/tex/latex/fancyhdr/fancyhdr.sty
Package: fancyhdr 2024/07/23 v4.3.1 Extensive control of page headers and footers
\f@nch@headwidth=\skip64
\f@nch@O@elh=\skip65
\f@nch@O@erh=\skip66
\f@nch@O@olh=\skip67
\f@nch@O@orh=\skip68
\f@nch@O@elf=\skip69
\f@nch@O@erf=\skip70
\f@nch@O@olf=\skip71
\f@nch@O@orf=\skip72
) (/Users/carlosvasquezguerra/Library/TinyTeX/texmf-dist/tex/latex/amscls/amsthm.sty
Package: amsthm 2020/05/29 v2.20.6
\thm@style=\toks42
\thm@bodyfont=\toks43
\thm@headfont=\toks44
\thm@notefont=\toks45
\thm@headpunct=\toks46
\thm@preskip=\skip73
\thm@postskip=\skip74
\thm@headsep=\skip75
\dth@everypar=\toks47
) (/Users/carlosvasquezguerra/Library/TinyTeX/texmf-dist/tex/latex/jknapltx/mathrsfs.sty
Package: mathrsfs 1996/01/01 Math RSFS package v1.0 (jk)
\symrsfs=\mathgroup6
) (/Users/carlosvasquezguerra/Library/TinyTeX/texmf-dist/tex/latex/listings/listings.sty
\lst@mode=\count322
\lst@gtempboxa=\box76
\lst@token=\toks48
\lst@length=\count323
\lst@currlwidth=\dimen290
\lst@column=\count324
\lst@pos=\count325
\lst@lostspace=\dimen291
\lst@width=\dimen292
\lst@newlines=\count326
\lst@lineno=\count327
\lst@maxwidth=\dimen293
(/Users/carlosvasquezguerra/Library/TinyTeX/texmf-dist/tex/latex/listings/lstpatch.sty
File: lstpatch.sty 2024/05/25 1.10b (Carsten Heinz)
) (/Users/carlosvasquezguerra/Library/TinyTeX/texmf-dist/tex/latex/listings/lstmisc.sty
File: lstmisc.sty 2024/05/25 1.10b (Carsten Heinz)
\c@lstnumber=\count328
\lst@skipnumbers=\count329
\lst@framebox=\box77
) (/Users/carlosvasquezguerra/Library/TinyTeX/texmf-dist/tex/latex/listings/listings.cfg
File: listings.cfg 2024/05/25 1.10b listings configuration
))
Package: listings 2024/05/25 1.10b (Carsten Heinz)
(/Users/carlosvasquezguerra/Library/TinyTeX/texmf-dist/tex/latex/hyperref/hyperref.sty
Package: hyperref 2024-07-10 v7.01j Hypertext links for LaTeX
(/Users/carlosvasquezguerra/Library/TinyTeX/texmf-dist/tex/latex/kvsetkeys/kvsetkeys.sty
Package: kvsetkeys 2022-10-05 v1.19 Key value parser (HO)
) (/Users/carlosvasquezguerra/Library/TinyTeX/texmf-dist/tex/generic/kvdefinekeys/kvdefinekeys.sty
Package: kvdefinekeys 2019-12-19 v1.6 Define keys (HO)
) (/Users/carlosvasquezguerra/Library/TinyTeX/texmf-dist/tex/generic/pdfescape/pdfescape.sty
Package: pdfescape 2019/12/09 v1.15 Implements pdfTeX's escape features (HO)
(/Users/carlosvasquezguerra/Library/TinyTeX/texmf-dist/tex/generic/ltxcmds/ltxcmds.sty
Package: ltxcmds 2023-12-04 v1.26 LaTeX kernel commands for general use (HO)
) (/Users/carlosvasquezguerra/Library/TinyTeX/texmf-dist/tex/generic/pdftexcmds/pdftexcmds.sty
Package: pdftexcmds 2020-06-27 v0.33 Utility functions of pdfTeX for LuaTeX (HO)
(/Users/carlosvasquezguerra/Library/TinyTeX/texmf-dist/tex/generic/infwarerr/infwarerr.sty
Package: infwarerr 2019/12/03 v1.5 Providing info/warning/error messages (HO)
)
Package pdftexcmds Info: \pdf@primitive is available.
Package pdftexcmds Info: \pdf@ifprimitive is available.
Package pdftexcmds Info: \pdfdraftmode found.
)) (/Users/carlosvasquezguerra/Library/TinyTeX/texmf-dist/tex/latex/hycolor/hycolor.sty
Package: hycolor 2020-01-27 v1.10 Color options for hyperref/bookmark (HO)
) (/Users/carlosvasquezguerra/Library/TinyTeX/texmf-dist/tex/latex/hyperref/nameref.sty
Package: nameref 2023-11-26 v2.56 Cross-referencing by name of section
(/Users/carlosvasquezguerra/Library/TinyTeX/texmf-dist/tex/latex/refcount/refcount.sty
Package: refcount 2019/12/15 v3.6 Data extraction from label references (HO)
) (/Users/carlosvasquezguerra/Library/TinyTeX/texmf-dist/tex/generic/gettitlestring/gettitlestring.sty
Package: gettitlestring 2019/12/15 v1.6 Cleanup title references (HO)
(/Users/carlosvasquezguerra/Library/TinyTeX/texmf-dist/tex/latex/kvoptions/kvoptions.sty
Package: kvoptions 2022-06-15 v3.15 Key value format for package options (HO)
))
\c@section@level=\count330
) (/Users/carlosvasquezguerra/Library/TinyTeX/texmf-dist/tex/generic/stringenc/stringenc.sty
Package: stringenc 2019/11/29 v1.12 Convert strings between diff. encodings (HO)
)
\@linkdim=\dimen294
\Hy@linkcounter=\count331
\Hy@pagecounter=\count332
(/Users/carlosvasquezguerra/Library/TinyTeX/texmf-dist/tex/latex/hyperref/pd1enc.def
File: pd1enc.def 2024-07-10 v7.01j Hyperref: PDFDocEncoding definition (HO)
Now handling font encoding PD1 ...
... no UTF-8 mapping file for font encoding PD1
) (/Users/carlosvasquezguerra/Library/TinyTeX/texmf-dist/tex/generic/intcalc/intcalc.sty
Package: intcalc 2019/12/15 v1.3 Expandable calculations with integers (HO)
)
\Hy@SavedSpaceFactor=\count333
(/Users/carlosvasquezguerra/Library/TinyTeX/texmf-dist/tex/latex/hyperref/puenc.def
File: puenc.def 2024-07-10 v7.01j Hyperref: PDF Unicode definition (HO)
Now handling font encoding PU ...
... no UTF-8 mapping file for font encoding PU
)
Package hyperref Info: Option `unicode' set `true' on input line 4040.
Package hyperref Info: Hyper figures OFF on input line 4157.
Package hyperref Info: Link nesting OFF on input line 4162.
Package hyperref Info: Hyper index ON on input line 4165.
Package hyperref Info: Plain pages OFF on input line 4172.
Package hyperref Info: Backreferencing OFF on input line 4177.
Package hyperref Info: Implicit mode ON; LaTeX internals redefined.
Package hyperref Info: Bookmarks ON on input line 4424.
\c@Hy@tempcnt=\count334
(/Users/carlosvasquezguerra/Library/TinyTeX/texmf-dist/tex/latex/url/url.sty
\Urlmuskip=\muskip18
Package: url 2013/09/16  ver 3.4  Verb mode for urls, etc.
)
LaTeX Info: Redefining \url on input line 4763.
\XeTeXLinkMargin=\dimen295
(/Users/carlosvasquezguerra/Library/TinyTeX/texmf-dist/tex/generic/bitset/bitset.sty
Package: bitset 2019/12/09 v1.3 Handle bit-vector datatype (HO)
(/Users/carlosvasquezguerra/Library/TinyTeX/texmf-dist/tex/generic/bigintcalc/bigintcalc.sty
Package: bigintcalc 2019/12/15 v1.5 Expandable calculations on big integers (HO)
))
\Fld@menulength=\count335
\Field@Width=\dimen296
\Fld@charsize=\dimen297
Package hyperref Info: Hyper figures OFF on input line 6042.
Package hyperref Info: Link nesting OFF on input line 6047.
Package hyperref Info: Hyper index ON on input line 6050.
Package hyperref Info: backreferencing OFF on input line 6057.
Package hyperref Info: Link coloring OFF on input line 6062.
Package hyperref Info: Link coloring with OCG OFF on input line 6067.
Package hyperref Info: PDF/A mode OFF on input line 6072.
(/Users/carlosvasquezguerra/Library/TinyTeX/texmf-dist/tex/latex/base/atbegshi-ltx.sty
Package: atbegshi-ltx 2021/01/10 v1.0c Emulation of the original atbegshi
package with kernel methods
)
\Hy@abspage=\count336
\c@Item=\count337
\c@Hfootnote=\count338
)
Package hyperref Info: Driver (autodetected): hpdftex.
(/Users/carlosvasquezguerra/Library/TinyTeX/texmf-dist/tex/latex/hyperref/hpdftex.def
File: hpdftex.def 2024-07-10 v7.01j Hyperref driver for pdfTeX
(/Users/carlosvasquezguerra/Library/TinyTeX/texmf-dist/tex/latex/base/atveryend-ltx.sty
Package: atveryend-ltx 2020/08/19 v1.0a Emulation of the original atveryend package
with kernel methods
)
\Fld@listcount=\count339
\c@bookmark@seq@number=\count340
(/Users/carlosvasquezguerra/Library/TinyTeX/texmf-dist/tex/latex/rerunfilecheck/rerunfilecheck.sty
Package: rerunfilecheck 2022-07-10 v1.10 Rerun checks for auxiliary files (HO)
(/Users/carlosvasquezguerra/Library/TinyTeX/texmf-dist/tex/generic/uniquecounter/uniquecounter.sty
Package: uniquecounter 2019/12/15 v1.4 Provide unlimited unique counter (HO)
)
Package uniquecounter Info: New unique counter `rerunfilecheck' on input line 285.
)
\Hy@SectionHShift=\skip76
) (/Users/carlosvasquezguerra/Library/TinyTeX/texmf-dist/tex/latex/ccaption/ccaption.sty
Package: ccaption 2011/08/07 v3.2c Extended captioning and new floats
\@contcwidth=\skip77
\@contindw=\skip78
\abovelegendskip=\skip79
\belowlegendskip=\skip80
\c@newflo@tctr=\count341
) (/Users/carlosvasquezguerra/Library/TinyTeX/texmf-dist/tex/latex/cancel/cancel.sty
Package: cancel 2013/04/12 v2.2 Cancel math terms
) (/Users/carlosvasquezguerra/Library/TinyTeX/texmf-dist/tex/latex/multirow/multirow.sty
Package: multirow 2021/03/15 v2.8 Span multiple rows of a table
\multirow@colwidth=\skip81
\multirow@cntb=\count342
\multirow@dima=\skip82
\bigstrutjot=\dimen298
) (/Users/carlosvasquezguerra/Library/TinyTeX/texmf-dist/tex/latex/wrapfig/wrapfig.sty
\wrapoverhang=\dimen299
\WF@size=\dimen300
\c@WF@wrappedlines=\count343
\WF@box=\box78
\WF@everypar=\toks49
Package: wrapfig 2003/01/31  v 3.6
) (/Users/carlosvasquezguerra/Library/TinyTeX/texmf-dist/tex/latex/colortbl/colortbl.sty
Package: colortbl 2024/07/06 v1.0i Color table columns (DPC)
\everycr=\toks50
\minrowclearance=\skip83
\rownum=\count344
) (/Users/carlosvasquezguerra/Library/TinyTeX/texmf-dist/tex/latex/pdflscape/pdflscape.sty
Package: pdflscape 2022-10-27 v0.13 Display of landscape pages in PDF
(/Users/carlosvasquezguerra/Library/TinyTeX/texmf-dist/tex/latex/pdflscape/pdflscape-nometadata.sty
Package: pdflscape-nometadata 2022-10-28 v0.13 Display of landscape pages in PDF (HO)
(/Users/carlosvasquezguerra/Library/TinyTeX/texmf-dist/tex/latex/graphics/lscape.sty
Package: lscape 2020/05/28 v3.02 Landscape Pages (DPC)
)
Package pdflscape Info: Auto-detected driver: pdftex on input line 81.
)) (/Users/carlosvasquezguerra/Library/TinyTeX/texmf-dist/tex/latex/tabu/tabu.sty
Package: tabu 2019/01/11 v2.9 - flexible LaTeX tabulars (FC+tabu-fixed)
(/Users/carlosvasquezguerra/Library/TinyTeX/texmf-dist/tex/latex/varwidth/varwidth.sty
Package: varwidth 2009/03/30 ver 0.92;  Variable-width minipages
\@vwid@box=\box79
\sift@deathcycles=\count345
\@vwid@loff=\dimen301
\@vwid@roff=\dimen302
)
\c@taburow=\count346
\tabu@nbcols=\count347
\tabu@cnt=\count348
\tabu@Xcol=\count349
\tabu@alloc=\count350
\tabu@nested=\count351
\tabu@target=\dimen303
\tabu@spreadtarget=\dimen304
\tabu@naturalX=\dimen305
\tabucolX=\dimen306
\tabu@Xsum=\dimen307
\extrarowdepth=\dimen308
\abovetabulinesep=\dimen309
\belowtabulinesep=\dimen310
\tabustrutrule=\dimen311
\tabu@thebody=\toks51
\tabu@footnotes=\toks52
\tabu@box=\box80
\tabu@arstrutbox=\box81
\tabu@hleads=\box82
\tabu@vleads=\box83
\tabu@cellskip=\skip84
) (/Users/carlosvasquezguerra/Library/TinyTeX/texmf-dist/tex/latex/threeparttable/threeparttable.sty
Package: threeparttable 2003/06/13  v 3.0
\@tempboxb=\box84
) (/Users/carlosvasquezguerra/Library/TinyTeX/texmf-dist/tex/latex/threeparttablex/threeparttablex.sty
Package: threeparttablex 2013/07/23 v0.3 by daleif
(/Users/carlosvasquezguerra/Library/TinyTeX/texmf-dist/tex/latex/environ/environ.sty
Package: environ 2014/05/04 v0.3 A new way to define environments
(/Users/carlosvasquezguerra/Library/TinyTeX/texmf-dist/tex/latex/trimspaces/trimspaces.sty
Package: trimspaces 2009/09/17 v1.1 Trim spaces around a token list
))
\TPTL@width=\skip85
) (/Users/carlosvasquezguerra/Library/TinyTeX/texmf-dist/tex/generic/ulem/ulem.sty
\UL@box=\box85
\UL@hyphenbox=\box86
\UL@skip=\skip86
\UL@hook=\toks53
\UL@height=\dimen312
\UL@pe=\count352
\UL@pixel=\dimen313
\ULC@box=\box87
Package: ulem 2019/11/18
\ULdepth=\dimen314
) (/Users/carlosvasquezguerra/Library/TinyTeX/texmf-dist/tex/latex/makecell/makecell.sty
Package: makecell 2009/08/03 V0.1e Managing of Tab Column Heads and Cells
\rotheadsize=\dimen315
\c@nlinenum=\count353
\TeXr@lab=\toks54
) (/Users/carlosvasquezguerra/Library/TinyTeX/texmf-dist/tex/latex/natbib/natbib.sty
Package: natbib 2010/09/13 8.31b (PWD, AO)
\bibhang=\skip87
\bibsep=\skip88
LaTeX Info: Redefining \cite on input line 694.
\c@NAT@ctr=\count354
)
\citation{cryer2008time}

Package natbib Warning: Citation `cryer2008time' undefined on input line 156.

\citation{nielsen2019practical}

Package natbib Warning: Citation `nielsen2019practical' undefined on input line 156.

\citation{hyndman2018forecasting}

Package natbib Warning: Citation `hyndman2018forecasting' undefined on input line 156.

\citation{holmes2019applied}

Package natbib Warning: Citation `holmes2019applied' undefined on input line 156.

\citation{william2006time}

Package natbib Warning: Citation `william2006time' undefined on input line 156.

(/Users/carlosvasquezguerra/Library/TinyTeX/texmf-dist/tex/latex/bookmark/bookmark.sty
Package: bookmark 2023-12-10 v1.31 PDF bookmarks (HO)
(/Users/carlosvasquezguerra/Library/TinyTeX/texmf-dist/tex/latex/bookmark/bkm-pdftex.def
File: bkm-pdftex.def 2023-12-10 v1.31 bookmark driver for pdfTeX and luaTeX (HO)
\BKM@id=\count355
)) (/Users/carlosvasquezguerra/Library/TinyTeX/texmf-dist/tex/latex/l3backend/l3backend-pdftex.def
File: l3backend-pdftex.def 2024-05-08 L3 backend support: PDF output (pdfTeX)
\l__color_backend_stack_int=\count356
\l__pdf_internal_box=\box88
) (./_main.aux)
\openout1 = `_main.aux'.

LaTeX Font Info:    Checking defaults for OML/cmm/m/it on input line 170.
LaTeX Font Info:    ... okay on input line 170.
LaTeX Font Info:    Checking defaults for OMS/cmsy/m/n on input line 170.
LaTeX Font Info:    ... okay on input line 170.
LaTeX Font Info:    Checking defaults for OT1/cmr/m/n on input line 170.
LaTeX Font Info:    ... okay on input line 170.
LaTeX Font Info:    Checking defaults for T1/cmr/m/n on input line 170.
LaTeX Font Info:    ... okay on input line 170.
LaTeX Font Info:    Checking defaults for TS1/cmr/m/n on input line 170.
LaTeX Font Info:    ... okay on input line 170.
LaTeX Font Info:    Checking defaults for OMX/cmex/m/n on input line 170.
LaTeX Font Info:    ... okay on input line 170.
LaTeX Font Info:    Checking defaults for U/cmr/m/n on input line 170.
LaTeX Font Info:    ... okay on input line 170.
LaTeX Font Info:    Checking defaults for PD1/pdf/m/n on input line 170.
LaTeX Font Info:    ... okay on input line 170.
LaTeX Font Info:    Checking defaults for PU/pdf/m/n on input line 170.
LaTeX Font Info:    ... okay on input line 170.
(/Users/carlosvasquezguerra/Library/TinyTeX/texmf-dist/tex/latex/epstopdf-pkg/epstopdf-base.sty
Package: epstopdf-base 2020-01-24 v2.11 Base part for package epstopdf
Package epstopdf-base Info: Redefining graphics rule for `.eps' on input line 485.
(/Users/carlosvasquezguerra/Library/TinyTeX/texmf-dist/tex/latex/latexconfig/epstopdf-sys.cfg
File: epstopdf-sys.cfg 2010/07/13 v1.3 Configuration of (r)epstopdf for TeX Live
))
*geometry* driver: auto-detecting
*geometry* detected driver: pdftex
*geometry* verbose mode - [ preamble ] result:
* driver: pdftex
* paper: a4paper
* layout: <same size as paper>
* layoutoffset:(h,v)=(0.0pt,0.0pt)
* modes: 
* h-part:(L,W,R)=(72.26999pt, 452.9679pt, 72.26999pt)
* v-part:(T,H,B)=(72.26999pt, 700.50687pt, 72.26999pt)
* \paperwidth=597.50787pt
* \paperheight=845.04684pt
* \textwidth=452.9679pt
* \textheight=700.50687pt
* \oddsidemargin=0.0pt
* \evensidemargin=0.0pt
* \topmargin=-30.06749pt
* \headheight=12.0pt
* \headsep=18.06749pt
* \topskip=10.0pt
* \footskip=25.29494pt
* \marginparwidth=61.0pt
* \marginparsep=7.0pt
* \columnsep=10.0pt
* \skip\footins=9.0pt plus 4.0pt minus 2.0pt
* \hoffset=0.0pt
* \voffset=0.0pt
* \mag=1000
* \@twocolumnfalse
* \@twosidefalse
* \@mparswitchfalse
* \@reversemarginfalse
* (1in=72.27pt=25.4mm, 1cm=28.453pt)

\c@lstlisting=\count357
Package hyperref Info: Link coloring OFF on input line 170.
LaTeX Font Info:    Trying to load font information for OT1+lmr on input line 172.
(/Users/carlosvasquezguerra/Library/TinyTeX/texmf-dist/tex/latex/lm/ot1lmr.fd
File: ot1lmr.fd 2015/05/01 v1.6.1 Font defs for Latin Modern
)
LaTeX Font Info:    Trying to load font information for OML+lmm on input line 172.
(/Users/carlosvasquezguerra/Library/TinyTeX/texmf-dist/tex/latex/lm/omllmm.fd
File: omllmm.fd 2015/05/01 v1.6.1 Font defs for Latin Modern
)
LaTeX Font Info:    Trying to load font information for OMS+lmsy on input line 172.
(/Users/carlosvasquezguerra/Library/TinyTeX/texmf-dist/tex/latex/lm/omslmsy.fd
File: omslmsy.fd 2015/05/01 v1.6.1 Font defs for Latin Modern
)
LaTeX Font Info:    Trying to load font information for OMX+lmex on input line 172.
(/Users/carlosvasquezguerra/Library/TinyTeX/texmf-dist/tex/latex/lm/omxlmex.fd
File: omxlmex.fd 2015/05/01 v1.6.1 Font defs for Latin Modern
)
LaTeX Font Info:    External font `lmex10' loaded for size
(Font)              <12> on input line 172.
LaTeX Font Info:    External font `lmex10' loaded for size
(Font)              <8> on input line 172.
LaTeX Font Info:    External font `lmex10' loaded for size
(Font)              <6> on input line 172.
LaTeX Font Info:    Trying to load font information for U+msa on input line 172.
(/Users/carlosvasquezguerra/Library/TinyTeX/texmf-dist/tex/latex/amsfonts/umsa.fd
File: umsa.fd 2013/01/14 v3.01 AMS symbols A
)
LaTeX Font Info:    Trying to load font information for U+msb on input line 172.
(/Users/carlosvasquezguerra/Library/TinyTeX/texmf-dist/tex/latex/amsfonts/umsb.fd
File: umsb.fd 2013/01/14 v3.01 AMS symbols B
)
LaTeX Font Info:    Trying to load font information for U+rsfs on input line 172.
(/Users/carlosvasquezguerra/Library/TinyTeX/texmf-dist/tex/latex/jknapltx/ursfs.fd
File: ursfs.fd 1998/03/24 rsfs font definition file (jk)
)

[1


{/Users/carlosvasquezguerra/Library/TinyTeX/texmf-var/fonts/map/pdftex/updmap/pdftex.map}{/Users/carlosvasquezguerra/Library/TinyTeX/texmf-dist/fonts/enc/dvips/lm/lm-ec.enc}] (./_main.toc
LaTeX Font Info:    External font `lmex10' loaded for size
(Font)              <10> on input line 4.
LaTeX Font Info:    External font `lmex10' loaded for size
(Font)              <7> on input line 4.
LaTeX Font Info:    External font `lmex10' loaded for size
(Font)              <5> on input line 4.



pdfTeX warning (ext4): destination with the same identifier (name{page.1}) has been already used, duplicate ignored
<to be read again> 
                   \relax 
l.30 ...Proceso de Medias Móviles}{32}{chapter.7}
                                                  % [1

{/Users/carlosvasquezguerra/Library/TinyTeX/texmf-dist/fonts/enc/dvips/lm/lm-mathit.enc}{/Users/carlosvasquezguerra/Library/TinyTeX/texmf-dist/fonts/enc/dvips/lm/lm-rm.enc}])
\tf@toc=\write5
\openout5 = `_main.toc'.



[2]
LaTeX Font Info:    Trying to load font information for TS1+lmr on input line 189.
(/Users/carlosvasquezguerra/Library/TinyTeX/texmf-dist/tex/latex/lm/ts1lmr.fd
File: ts1lmr.fd 2015/05/01 v1.6.1 Font defs for Latin Modern
)
LaTeX Font Info:    Trying to load font information for T1+lmtt on input line 206.
(/Users/carlosvasquezguerra/Library/TinyTeX/texmf-dist/tex/latex/lm/t1lmtt.fd
File: t1lmtt.fd 2015/05/01 v1.6.1 Font defs for Latin Modern
)

[3

{/Users/carlosvasquezguerra/Library/TinyTeX/texmf-dist/fonts/enc/dvips/lm/lm-ts1.enc}]
Overfull \hbox (72.03058pt too wide) in paragraph at lines 273--273
[] \T1/lmtt/m/n/10 pandoc   3.1.1 @ /Applications/RStudio.app/Contents/Resources/app/quarto/bin/tools/ (via rmarkdown)[] 
 []



[4]

[5]

[6

]
Chapter 1.


[7

]

[8]
Chapter 2.

Underfull \hbox (badness 10000) in paragraph at lines 399--402

 []


Underfull \hbox (badness 10000) in paragraph at lines 402--404

 []



[9

]

pdfTeX warning: pdflatex (file ./_main_files/figure-latex/unnamed-chunk-5-1.pdf): PDF inclusion: found PDF version <1.7>, but at most version <1.5> allowed
<_main_files/figure-latex/unnamed-chunk-5-1.pdf, id=199, 460.72125pt x 258.9675pt>
File: _main_files/figure-latex/unnamed-chunk-5-1.pdf Graphic file (type pdf)
<use _main_files/figure-latex/unnamed-chunk-5-1.pdf>
Package pdftex.def Info: _main_files/figure-latex/unnamed-chunk-5-1.pdf  used on input line 433.
(pdftex.def)             Requested size: 452.96599pt x 254.6083pt.
LaTeX Font Info:    Font shape `T1/lmtt/bx/n' in size <10> not available
(Font)              Font shape `T1/lmtt/b/n' tried instead on input line 441.


pdfTeX warning: pdflatex (file ./_main_files/figure-latex/unnamed-chunk-6-1.pdf): PDF inclusion: found PDF version <1.7>, but at most version <1.5> allowed
<_main_files/figure-latex/unnamed-chunk-6-1.pdf, id=200, 454.69875pt x 258.9675pt>
File: _main_files/figure-latex/unnamed-chunk-6-1.pdf Graphic file (type pdf)
<use _main_files/figure-latex/unnamed-chunk-6-1.pdf>
Package pdftex.def Info: _main_files/figure-latex/unnamed-chunk-6-1.pdf  used on input line 449.
(pdftex.def)             Requested size: 452.97696pt x 257.98686pt.


[10{/Users/carlosvasquezguerra/Library/TinyTeX/texmf-dist/fonts/enc/dvips/lm/lm-mathsy.enc} <./_main_files/figure-latex/unnamed-chunk-5-1.pdf>]
Underfull \hbox (badness 10000) in paragraph at lines 501--502

 []



[11 <./_main_files/figure-latex/unnamed-chunk-6-1.pdf>]

[12]
Chapter 3.


[13

{/Users/carlosvasquezguerra/Library/TinyTeX/texmf-dist/fonts/enc/dvips/lm/lm-mathex.enc}]

pdfTeX warning: pdflatex (file ./_main_files/figure-latex/unnamed-chunk-7-1.pdf): PDF inclusion: found PDF version <1.7>, but at most version <1.5> allowed
<_main_files/figure-latex/unnamed-chunk-7-1.pdf, id=268, 447.6725pt x 266.9975pt>
File: _main_files/figure-latex/unnamed-chunk-7-1.pdf Graphic file (type pdf)
<use _main_files/figure-latex/unnamed-chunk-7-1.pdf>
Package pdftex.def Info: _main_files/figure-latex/unnamed-chunk-7-1.pdf  used on input line 560.
(pdftex.def)             Requested size: 447.68506pt x 267.00496pt.


pdfTeX warning: pdflatex (file ./_main_files/figure-latex/unnamed-chunk-8-1.pdf): PDF inclusion: found PDF version <1.7>, but at most version <1.5> allowed
<_main_files/figure-latex/unnamed-chunk-8-1.pdf, id=269, 448.67625pt x 266.9975pt>
File: _main_files/figure-latex/unnamed-chunk-8-1.pdf Graphic file (type pdf)
<use _main_files/figure-latex/unnamed-chunk-8-1.pdf>
Package pdftex.def Info: _main_files/figure-latex/unnamed-chunk-8-1.pdf  used on input line 569.
(pdftex.def)             Requested size: 448.68884pt x 267.00496pt.


[14 <./_main_files/figure-latex/unnamed-chunk-7-1.pdf>]

pdfTeX warning: pdflatex (file ./_main_files/figure-latex/unnamed-chunk-9-1.pdf): PDF inclusion: found PDF version <1.7>, but at most version <1.5> allowed
<_main_files/figure-latex/unnamed-chunk-9-1.pdf, id=294, 457.71pt x 277.035pt>
File: _main_files/figure-latex/unnamed-chunk-9-1.pdf Graphic file (type pdf)
<use _main_files/figure-latex/unnamed-chunk-9-1.pdf>
Package pdftex.def Info: _main_files/figure-latex/unnamed-chunk-9-1.pdf  used on input line 594.
(pdftex.def)             Requested size: 452.98764pt x 274.17671pt.


[15 <./_main_files/figure-latex/unnamed-chunk-8-1.pdf>]

pdfTeX warning: pdflatex (file ./_main_files/figure-latex/unnamed-chunk-10-1.pdf): PDF inclusion: found PDF version <1.7>, but at most version <1.5> allowed
<_main_files/figure-latex/unnamed-chunk-10-1.pdf, id=313, 446.66875pt x 265.99374pt>
File: _main_files/figure-latex/unnamed-chunk-10-1.pdf Graphic file (type pdf)
<use _main_files/figure-latex/unnamed-chunk-10-1.pdf>
Package pdftex.def Info: _main_files/figure-latex/unnamed-chunk-10-1.pdf  used on input line 598.
(pdftex.def)             Requested size: 446.67445pt x 265.99713pt.


[16 <./_main_files/figure-latex/unnamed-chunk-9-1.pdf> <./_main_files/figure-latex/unnamed-chunk-10-1.pdf

pdfTeX warning: pdflatex (file ./_main_files/figure-latex/unnamed-chunk-10-1.pdf): PDF inclusion: multiple pdfs with page group included in a single page
>]

[17]
Chapter 4.


[18

]

pdfTeX warning: pdflatex (file ./_main_files/figure-latex/unnamed-chunk-11-1.pdf): PDF inclusion: found PDF version <1.7>, but at most version <1.5> allowed
<_main_files/figure-latex/unnamed-chunk-11-1.pdf, id=361, 449.68pt x 252.945pt>
File: _main_files/figure-latex/unnamed-chunk-11-1.pdf Graphic file (type pdf)
<use _main_files/figure-latex/unnamed-chunk-11-1.pdf>
Package pdftex.def Info: _main_files/figure-latex/unnamed-chunk-11-1.pdf  used on input line 689.
(pdftex.def)             Requested size: 449.68575pt x 252.94823pt.


[19 <./_main_files/figure-latex/unnamed-chunk-11-1.pdf>]

[20]
Chapter 5.


[21

]

[22]

[23]

[24

]
Chapter 6.
LaTeX Font Info:    External font `lmex10' loaded for size
(Font)              <24.88> on input line 884.
LaTeX Font Info:    External font `lmex10' loaded for size
(Font)              <20.74> on input line 884.
LaTeX Font Info:    External font `lmex10' loaded for size
(Font)              <17.28> on input line 884.
LaTeX Font Info:    External font `lmex10' loaded for size
(Font)              <14.4> on input line 908.


[25

]

[26]

pdfTeX warning: pdflatex (file ./_main_files/figure-latex/unnamed-chunk-12-1.pdf): PDF inclusion: found PDF version <1.7>, but at most version <1.5> allowed
<_main_files/figure-latex/unnamed-chunk-12-1.pdf, id=451, 459.7175pt x 277.035pt>
File: _main_files/figure-latex/unnamed-chunk-12-1.pdf Graphic file (type pdf)
<use _main_files/figure-latex/unnamed-chunk-12-1.pdf>
Package pdftex.def Info: _main_files/figure-latex/unnamed-chunk-12-1.pdf  used on input line 1057.
(pdftex.def)             Requested size: 452.99626pt x 272.98465pt.


pdfTeX warning: pdflatex (file ./_main_files/figure-latex/unnamed-chunk-13-1.pdf): PDF inclusion: found PDF version <1.7>, but at most version <1.5> allowed
<_main_files/figure-latex/unnamed-chunk-13-1.pdf, id=452, 449.68pt x 266.9975pt>
File: _main_files/figure-latex/unnamed-chunk-13-1.pdf Graphic file (type pdf)
<use _main_files/figure-latex/unnamed-chunk-13-1.pdf>
Package pdftex.def Info: _main_files/figure-latex/unnamed-chunk-13-1.pdf  used on input line 1061.
(pdftex.def)             Requested size: 449.69948pt x 267.00903pt.


[27 <./_main_files/figure-latex/unnamed-chunk-12-1.pdf>]

[28 <./_main_files/figure-latex/unnamed-chunk-13-1.pdf>]

pdfTeX warning: pdflatex (file ./_main_files/figure-latex/unnamed-chunk-14-1.pdf): PDF inclusion: found PDF version <1.7>, but at most version <1.5> allowed
<_main_files/figure-latex/unnamed-chunk-14-1.pdf, id=493, 459.7175pt x 277.035pt>
File: _main_files/figure-latex/unnamed-chunk-14-1.pdf Graphic file (type pdf)
<use _main_files/figure-latex/unnamed-chunk-14-1.pdf>
Package pdftex.def Info: _main_files/figure-latex/unnamed-chunk-14-1.pdf  used on input line 1156.
(pdftex.def)             Requested size: 452.99626pt x 272.98465pt.


[29]

pdfTeX warning: pdflatex (file ./_main_files/figure-latex/unnamed-chunk-15-1.pdf): PDF inclusion: found PDF version <1.7>, but at most version <1.5> allowed
<_main_files/figure-latex/unnamed-chunk-15-1.pdf, id=498, 449.68pt x 266.9975pt>
File: _main_files/figure-latex/unnamed-chunk-15-1.pdf Graphic file (type pdf)
<use _main_files/figure-latex/unnamed-chunk-15-1.pdf>
Package pdftex.def Info: _main_files/figure-latex/unnamed-chunk-15-1.pdf  used on input line 1160.
(pdftex.def)             Requested size: 449.69948pt x 267.00903pt.


[30 <./_main_files/figure-latex/unnamed-chunk-14-1.pdf> <./_main_files/figure-latex/unnamed-chunk-15-1.pdf

pdfTeX warning: pdflatex (file ./_main_files/figure-latex/unnamed-chunk-15-1.pdf): PDF inclusion: multiple pdfs with page group included in a single page
>]

[31]
Chapter 7.


[32

]

pdfTeX warning: pdflatex (file ./_main_files/figure-latex/unnamed-chunk-16-1.pdf): PDF inclusion: found PDF version <1.7>, but at most version <1.5> allowed
<_main_files/figure-latex/unnamed-chunk-16-1.pdf, id=555, 459.7175pt x 277.035pt>
File: _main_files/figure-latex/unnamed-chunk-16-1.pdf Graphic file (type pdf)
<use _main_files/figure-latex/unnamed-chunk-16-1.pdf>
Package pdftex.def Info: _main_files/figure-latex/unnamed-chunk-16-1.pdf  used on input line 1303.
(pdftex.def)             Requested size: 452.99626pt x 272.98465pt.


[33]

pdfTeX warning: pdflatex (file ./_main_files/figure-latex/unnamed-chunk-17-1.pdf): PDF inclusion: found PDF version <1.7>, but at most version <1.5> allowed
<_main_files/figure-latex/unnamed-chunk-17-1.pdf, id=560, 449.68pt x 266.9975pt>
File: _main_files/figure-latex/unnamed-chunk-17-1.pdf Graphic file (type pdf)
<use _main_files/figure-latex/unnamed-chunk-17-1.pdf>
Package pdftex.def Info: _main_files/figure-latex/unnamed-chunk-17-1.pdf  used on input line 1307.
(pdftex.def)             Requested size: 449.69948pt x 267.00903pt.


[34 <./_main_files/figure-latex/unnamed-chunk-16-1.pdf> <./_main_files/figure-latex/unnamed-chunk-17-1.pdf

pdfTeX warning: pdflatex (file ./_main_files/figure-latex/unnamed-chunk-17-1.pdf): PDF inclusion: multiple pdfs with page group included in a single page
>]

[35]
Chapter 8.

Underfull \hbox (badness 10000) in paragraph at lines 1439--1441

 []



[36

]

[37]

pdfTeX warning: pdflatex (file ./_main_files/figure-latex/unnamed-chunk-18-1.pdf): PDF inclusion: found PDF version <1.7>, but at most version <1.5> allowed
<_main_files/figure-latex/unnamed-chunk-18-1.pdf, id=616, 459.7175pt x 277.035pt>
File: _main_files/figure-latex/unnamed-chunk-18-1.pdf Graphic file (type pdf)
<use _main_files/figure-latex/unnamed-chunk-18-1.pdf>
Package pdftex.def Info: _main_files/figure-latex/unnamed-chunk-18-1.pdf  used on input line 1545.
(pdftex.def)             Requested size: 452.99626pt x 272.98465pt.


pdfTeX warning: pdflatex (file ./_main_files/figure-latex/unnamed-chunk-19-1.pdf): PDF inclusion: found PDF version <1.7>, but at most version <1.5> allowed
<_main_files/figure-latex/unnamed-chunk-19-1.pdf, id=617, 449.68pt x 266.9975pt>
File: _main_files/figure-latex/unnamed-chunk-19-1.pdf Graphic file (type pdf)
<use _main_files/figure-latex/unnamed-chunk-19-1.pdf>
Package pdftex.def Info: _main_files/figure-latex/unnamed-chunk-19-1.pdf  used on input line 1549.
(pdftex.def)             Requested size: 449.69948pt x 267.00903pt.


[38 <./_main_files/figure-latex/unnamed-chunk-18-1.pdf>]

[39 <./_main_files/figure-latex/unnamed-chunk-19-1.pdf>]

[40

]
Chapter 9.


[41

]

pdfTeX warning: pdflatex (file ./_main_files/figure-latex/unnamed-chunk-20-1.pdf): PDF inclusion: found PDF version <1.7>, but at most version <1.5> allowed
<_main_files/figure-latex/unnamed-chunk-20-1.pdf, id=674, 459.7175pt x 277.035pt>
File: _main_files/figure-latex/unnamed-chunk-20-1.pdf Graphic file (type pdf)
<use _main_files/figure-latex/unnamed-chunk-20-1.pdf>
Package pdftex.def Info: _main_files/figure-latex/unnamed-chunk-20-1.pdf  used on input line 1631.
(pdftex.def)             Requested size: 452.99626pt x 272.98465pt.


pdfTeX warning: pdflatex (file ./_main_files/figure-latex/unnamed-chunk-21-1.pdf): PDF inclusion: found PDF version <1.7>, but at most version <1.5> allowed
<_main_files/figure-latex/unnamed-chunk-21-1.pdf, id=675, 449.68pt x 266.9975pt>
File: _main_files/figure-latex/unnamed-chunk-21-1.pdf Graphic file (type pdf)
<use _main_files/figure-latex/unnamed-chunk-21-1.pdf>
Package pdftex.def Info: _main_files/figure-latex/unnamed-chunk-21-1.pdf  used on input line 1635.
(pdftex.def)             Requested size: 449.69948pt x 267.00903pt.


[42 <./_main_files/figure-latex/unnamed-chunk-20-1.pdf>]

pdfTeX warning: pdflatex (file ./_main_files/figure-latex/unnamed-chunk-22-1.pdf): PDF inclusion: found PDF version <1.7>, but at most version <1.5> allowed
<_main_files/figure-latex/unnamed-chunk-22-1.pdf, id=698, 459.7175pt x 277.035pt>
File: _main_files/figure-latex/unnamed-chunk-22-1.pdf Graphic file (type pdf)
<use _main_files/figure-latex/unnamed-chunk-22-1.pdf>
Package pdftex.def Info: _main_files/figure-latex/unnamed-chunk-22-1.pdf  used on input line 1639.
(pdftex.def)             Requested size: 452.99626pt x 272.98465pt.


pdfTeX warning: pdflatex (file ./_main_files/figure-latex/unnamed-chunk-23-1.pdf): PDF inclusion: found PDF version <1.7>, but at most version <1.5> allowed
<_main_files/figure-latex/unnamed-chunk-23-1.pdf, id=699, 449.68pt x 266.9975pt>
File: _main_files/figure-latex/unnamed-chunk-23-1.pdf Graphic file (type pdf)
<use _main_files/figure-latex/unnamed-chunk-23-1.pdf>
Package pdftex.def Info: _main_files/figure-latex/unnamed-chunk-23-1.pdf  used on input line 1643.
(pdftex.def)             Requested size: 449.69948pt x 267.00903pt.


[43 <./_main_files/figure-latex/unnamed-chunk-21-1.pdf> <./_main_files/figure-latex/unnamed-chunk-22-1.pdf

pdfTeX warning: pdflatex (file ./_main_files/figure-latex/unnamed-chunk-22-1.pdf): PDF inclusion: multiple pdfs with page group included in a single page
>]

[44 <./_main_files/figure-latex/unnamed-chunk-23-1.pdf>]
Chapter 10.


pdfTeX warning: pdflatex (file ./_main_files/figure-latex/unnamed-chunk-24-1.pdf): PDF inclusion: found PDF version <1.7>, but at most version <1.5> allowed
<_main_files/figure-latex/unnamed-chunk-24-1.pdf, id=754, 459.7175pt x 277.035pt>
File: _main_files/figure-latex/unnamed-chunk-24-1.pdf Graphic file (type pdf)
<use _main_files/figure-latex/unnamed-chunk-24-1.pdf>
Package pdftex.def Info: _main_files/figure-latex/unnamed-chunk-24-1.pdf  used on input line 1715.
(pdftex.def)             Requested size: 452.99626pt x 272.98465pt.


[45

]

pdfTeX warning: pdflatex (file ./_main_files/figure-latex/unnamed-chunk-25-1.pdf): PDF inclusion: found PDF version <1.7>, but at most version <1.5> allowed
<_main_files/figure-latex/unnamed-chunk-25-1.pdf, id=759, 449.68pt x 266.9975pt>
File: _main_files/figure-latex/unnamed-chunk-25-1.pdf Graphic file (type pdf)
<use _main_files/figure-latex/unnamed-chunk-25-1.pdf>
Package pdftex.def Info: _main_files/figure-latex/unnamed-chunk-25-1.pdf  used on input line 1719.
(pdftex.def)             Requested size: 449.69948pt x 267.00903pt.


pdfTeX warning: pdflatex (file ./_main_files/figure-latex/unnamed-chunk-26-1.pdf): PDF inclusion: found PDF version <1.7>, but at most version <1.5> allowed
<_main_files/figure-latex/unnamed-chunk-26-1.pdf, id=760, 449.68pt x 266.9975pt>
File: _main_files/figure-latex/unnamed-chunk-26-1.pdf Graphic file (type pdf)
<use _main_files/figure-latex/unnamed-chunk-26-1.pdf>
Package pdftex.def Info: _main_files/figure-latex/unnamed-chunk-26-1.pdf  used on input line 1723.
(pdftex.def)             Requested size: 449.69948pt x 267.00903pt.


[46 <./_main_files/figure-latex/unnamed-chunk-24-1.pdf> <./_main_files/figure-latex/unnamed-chunk-25-1.pdf

pdfTeX warning: pdflatex (file ./_main_files/figure-latex/unnamed-chunk-25-1.pdf): PDF inclusion: multiple pdfs with page group included in a single page
>]

[47 <./_main_files/figure-latex/unnamed-chunk-26-1.pdf>]

[48

]
Chapter 11.


[49

]

[50]
Chapter 12.


[51

]

[52]

[53

]
Chapter 13.


[54

]
Chapter 14.


[55

]

pdfTeX warning: pdflatex (file ./_main_files/figure-latex/unnamed-chunk-27-1.pdf): PDF inclusion: found PDF version <1.7>, but at most version <1.5> allowed
<_main_files/figure-latex/unnamed-chunk-27-1.pdf, id=862, 459.7175pt x 278.03876pt>
File: _main_files/figure-latex/unnamed-chunk-27-1.pdf Graphic file (type pdf)
<use _main_files/figure-latex/unnamed-chunk-27-1.pdf>
Package pdftex.def Info: _main_files/figure-latex/unnamed-chunk-27-1.pdf  used on input line 2009.
(pdftex.def)             Requested size: 452.99626pt x 273.97372pt.


pdfTeX warning: pdflatex (file ./_main_files/figure-latex/unnamed-chunk-28-1.pdf): PDF inclusion: found PDF version <1.7>, but at most version <1.5> allowed
<_main_files/figure-latex/unnamed-chunk-28-1.pdf, id=863, 459.7175pt x 277.035pt>
File: _main_files/figure-latex/unnamed-chunk-28-1.pdf Graphic file (type pdf)
<use _main_files/figure-latex/unnamed-chunk-28-1.pdf>
Package pdftex.def Info: _main_files/figure-latex/unnamed-chunk-28-1.pdf  used on input line 2013.
(pdftex.def)             Requested size: 452.99626pt x 272.98465pt.


[56 <./_main_files/figure-latex/unnamed-chunk-27-1.pdf>]

[57 <./_main_files/figure-latex/unnamed-chunk-28-1.pdf>]
Chapter 15.


pdfTeX warning: pdflatex (file ./_main_files/figure-latex/unnamed-chunk-29-1.pdf): PDF inclusion: found PDF version <1.7>, but at most version <1.5> allowed
<_main_files/figure-latex/unnamed-chunk-29-1.pdf, id=895, 458.71375pt x 277.035pt>
File: _main_files/figure-latex/unnamed-chunk-29-1.pdf Graphic file (type pdf)
<use _main_files/figure-latex/unnamed-chunk-29-1.pdf>
Package pdftex.def Info: _main_files/figure-latex/unnamed-chunk-29-1.pdf  used on input line 2034.
(pdftex.def)             Requested size: 452.98712pt x 273.57645pt.


[58

]

[59 <./_main_files/figure-latex/unnamed-chunk-29-1.pdf>]

[60

]

[61

]

[62

]

[63

] (./_main.bbl

[64

])

Package natbib Warning: There were undefined citations.



[65

] (./_main.aux)
 ***********
LaTeX2e <2024-06-01> patch level 2
L3 programming layer <2024-07-20>
 ***********
 ) 
Here is how much of TeX's memory you used:
 26301 strings out of 475539
 484329 string characters out of 5775547
 1955957 words of memory out of 5000000
 48156 multiletter control sequences out of 15000+600000
 654268 words of font info for 119 fonts, out of 8000000 for 9000
 14 hyphenation exceptions out of 8191
 84i,16n,87p,1014b,538s stack positions out of 10000i,1000n,20000p,200000b,200000s
</Users/carlosvasquezguerra/Library/TinyTeX/texmf-dist/fonts/type1/public/lm/lmbx10.pfb></Users/carlosvasquezguerra/Library/TinyTeX/texmf-dist/fonts/type1/public/lm/lmbx12.pfb></Users/carlosvasquezguerra/Library/TinyTeX/texmf-dist/fonts/type1/public/lm/lmbx8.pfb></Users/carlosvasquezguerra/Library/TinyTeX/texmf-dist/fonts/type1/public/lm/lmex10.pfb></Users/carlosvasquezguerra/Library/TinyTeX/texmf-dist/fonts/type1/public/lm/lmmi10.pfb></Users/carlosvasquezguerra/Library/TinyTeX/texmf-dist/fonts/type1/public/lm/lmmi12.pfb></Users/carlosvasquezguerra/Library/TinyTeX/texmf-dist/fonts/type1/public/lm/lmmi5.pfb></Users/carlosvasquezguerra/Library/TinyTeX/texmf-dist/fonts/type1/public/lm/lmmi7.pfb></Users/carlosvasquezguerra/Library/TinyTeX/texmf-dist/fonts/type1/public/lm/lmmi8.pfb></Users/carlosvasquezguerra/Library/TinyTeX/texmf-dist/fonts/type1/public/lm/lmr10.pfb></Users/carlosvasquezguerra/Library/TinyTeX/texmf-dist/fonts/type1/public/lm/lmr12.pfb></Users/carlosvasquezguerra/Library/TinyTeX/texmf-dist/fonts/type1/public/lm/lmr17.pfb></Users/carlosvasquezguerra/Library/TinyTeX/texmf-dist/fonts/type1/public/lm/lmr5.pfb></Users/carlosvasquezguerra/Library/TinyTeX/texmf-dist/fonts/type1/public/lm/lmr6.pfb></Users/carlosvasquezguerra/Library/TinyTeX/texmf-dist/fonts/type1/public/lm/lmr7.pfb></Users/carlosvasquezguerra/Library/TinyTeX/texmf-dist/fonts/type1/public/lm/lmr8.pfb></Users/carlosvasquezguerra/Library/TinyTeX/texmf-dist/fonts/type1/public/lm/lmri10.pfb></Users/carlosvasquezguerra/Library/TinyTeX/texmf-dist/fonts/type1/public/lm/lmro10.pfb></Users/carlosvasquezguerra/Library/TinyTeX/texmf-dist/fonts/type1/public/lm/lmsy10.pfb></Users/carlosvasquezguerra/Library/TinyTeX/texmf-dist/fonts/type1/public/lm/lmsy5.pfb></Users/carlosvasquezguerra/Library/TinyTeX/texmf-dist/fonts/type1/public/lm/lmsy7.pfb></Users/carlosvasquezguerra/Library/TinyTeX/texmf-dist/fonts/type1/public/lm/lmtk10.pfb></Users/carlosvasquezguerra/Library/TinyTeX/texmf-dist/fonts/type1/public/lm/lmtt10.pfb></Users/carlosvasquezguerra/Library/TinyTeX/texmf-dist/fonts/type1/public/amsfonts/symbols/msam10.pfb></Users/carlosvasquezguerra/Library/TinyTeX/texmf-dist/fonts/type1/public/amsfonts/symbols/msbm10.pfb>
Output written on _main.pdf (66 pages, 889018 bytes).
PDF statistics:
 1300 PDF objects out of 1440 (max. 8388607)
 1051 compressed objects within 11 object streams
 276 named destinations out of 1000 (max. 500000)
 554 words of extra memory for PDF output out of 10000 (max. 10000000)

